This file contains any messages produced by compilers while
running configure, to aid debugging if configure makes a mistake.

It was created by configure, which was
generated by GNU Autoconf 2.52.20150926.  Invocation command line was

  $ ./configure 

## ---------- ##
## Platform.  ##
## ---------- ##

hostname = PROT7183
uname -m = i686
uname -r = 3.2.0-4-686-pae
uname -s = Linux
uname -v = #1 SMP Debian 3.2.63-2+deb7u1

/usr/bin/uname -p = unknown
/bin/uname -X     = unknown

/bin/arch              = unknown
/usr/bin/arch -k       = unknown
/usr/convex/getsysinfo = unknown
hostinfo               = unknown
/bin/machine           = unknown
/usr/bin/oslevel       = unknown
/bin/universe          = unknown

PATH = /home/pslavkin/documents/scripts/:/home/pslavkin/bin:/usr/local/bin:/usr/bin:/bin:/usr/local/games:/usr/games:/usr/local/clhep/2.1.1.0/CLHEP/bin:/usr/local/clhep:/usr/local/gate_v7.0-install/bin:/opt/Xilinx/14.1/ISE_DS/ISE/bin/lin/:/opt/Xilinx/14.1/ISE_DS/ISE/lib/lin/:/usr/sbin/:/opt/gcc-arm-none-eabi/bin/

## ------------ ##
## Core tests.  ##
## ------------ ##

configure:1008: PATH=".;."; conftest.sh
./configure: 1009: ./configure: conftest.sh: not found
configure:1011: $? = 127
configure:1053: checking build system type
configure:1071: result: i686-pc-linux-gnu
configure:1079: checking host system type
configure:1093: result: i686-pc-linux-gnu
configure:1119: result: Configuring for linux-gnu
configure:1131: checking for package version
configure:1152: result: 5.0
configure:1155: checking for package patch date
configure:1172: result: 20150928
configure:1183: testing ABI VERSION 6:0:4 ...
configure:1187: testing VERSION_MAJOR 5 ...
configure:1191: testing VERSION_MINOR 0 ...
configure:1195: testing VERSION_PATCH 20150928 ...
configure:1260: checking for gcc
configure:1275: found /usr/bin/gcc
configure:1283: result: gcc
configure:1511: checking for C compiler version
configure:1514: gcc --version </dev/null >&5
gcc (Debian 4.7.2-5) 4.7.2
Copyright (C) 2012 Free Software Foundation, Inc.
This is free software; see the source for copying conditions.  There is NO
warranty; not even for MERCHANTABILITY or FITNESS FOR A PARTICULAR PURPOSE.

configure:1517: $? = 0
configure:1519: gcc -v </dev/null >&5
Using built-in specs.
COLLECT_GCC=gcc
COLLECT_LTO_WRAPPER=/usr/lib/gcc/i486-linux-gnu/4.7/lto-wrapper
Target: i486-linux-gnu
Configured with: ../src/configure -v --with-pkgversion='Debian 4.7.2-5' --with-bugurl=file:///usr/share/doc/gcc-4.7/README.Bugs --enable-languages=c,c++,go,fortran,objc,obj-c++ --prefix=/usr --program-suffix=-4.7 --enable-shared --enable-linker-build-id --with-system-zlib --libexecdir=/usr/lib --without-included-gettext --enable-threads=posix --with-gxx-include-dir=/usr/include/c++/4.7 --libdir=/usr/lib --enable-nls --with-sysroot=/ --enable-clocale=gnu --enable-libstdcxx-debug --enable-libstdcxx-time=yes --enable-gnu-unique-object --enable-plugin --enable-objc-gc --enable-targets=all --with-arch-32=i586 --with-tune=generic --enable-checking=release --build=i486-linux-gnu --host=i486-linux-gnu --target=i486-linux-gnu
Thread model: posix
gcc version 4.7.2 (Debian 4.7.2-5) 
configure:1522: $? = 0
configure:1524: gcc -V </dev/null >&5
gcc: error: unrecognized command line option '-V'
gcc: fatal error: no input files
compilation terminated.
configure:1527: $? = 4
configure:1547: checking for C compiler default output
configure:1550: gcc    conftest.c  >&5
configure:1553: $? = 0
configure:1582: result: a.out
configure:1587: checking whether the C compiler works
configure:1593: ./a.out
configure:1596: $? = 0
configure:1611: result: yes
configure:1618: checking whether we are cross compiling
configure:1620: result: no
configure:1623: checking for executable suffix
configure:1625: gcc -o conftest    conftest.c  >&5
configure:1628: $? = 0
configure:1650: result: 
configure:1656: checking for object suffix
configure:1674: gcc -c   conftest.c >&5
configure:1677: $? = 0
configure:1696: result: o
configure:1700: checking whether we are using the GNU C compiler
configure:1721: gcc -c   conftest.c >&5
configure:1724: $? = 0
configure:1727: test -s conftest.o
configure:1730: $? = 0
configure:1742: result: yes
configure:1748: checking whether gcc accepts -g
configure:1766: gcc -c -g  conftest.c >&5
configure:1769: $? = 0
configure:1772: test -s conftest.o
configure:1775: $? = 0
configure:1785: result: yes
configure:1812: gcc -c -g -O2  conftest.c >&5
conftest.c:2:3: error: unknown type name 'choke'
conftest.c:2:3: error: expected '=', ',', ';', 'asm' or '__attribute__' at end of input
configure:1815: $? = 1
configure: failed program was:
#ifndef __cplusplus
  choke me
#endif
configure:1916: checking version of gcc
configure:1920: result: 4.7.2
configure:1924: checking for gcc option to accept ANSI C
configure:1981: gcc  -c -g -O2  conftest.c >&5
configure:1984: $? = 0
configure:1987: test -s conftest.o
configure:1990: $? = 0
configure:2007: result: none needed
configure:2018: checking $CC variable
configure:2110: result: ok
configure:2121: checking how to run the C preprocessor
configure:2147: gcc -E  conftest.c
configure:2153: $? = 0
configure:2180: gcc -E  conftest.c
configure:2177:28: fatal error: ac_nonexistent.h: No such file or directory
compilation terminated.
configure:2186: $? = 1
configure: failed program was:
#line 2176 "configure"
#include "confdefs.h"
#include <ac_nonexistent.h>
configure:2223: result: gcc -E
configure:2238: gcc -E  conftest.c
configure:2244: $? = 0
configure:2271: gcc -E  conftest.c
configure:2268:28: fatal error: ac_nonexistent.h: No such file or directory
compilation terminated.
configure:2277: $? = 1
configure: failed program was:
#line 2267 "configure"
#include "confdefs.h"
#include <ac_nonexistent.h>
configure:2355: checking for ranlib
configure:2370: found /usr/bin/ranlib
configure:2379: result: ranlib
configure:2403: checking for a BSD compatible install
configure:2452: result: /usr/bin/install -c
configure:2463: checking whether ln -s works
configure:2467: result: yes
configure:2474: checking if ln -s -f options work
configure:2486: result: yes
configure:2495: checking for tdlint
configure:2521: result: no
configure:2495: checking for lint
configure:2521: result: no
configure:2495: checking for alint
configure:2521: result: no
configure:2495: checking for splint
configure:2521: result: no
configure:2495: checking for lclint
configure:2521: result: no
configure:2566: checking for ar
configure:2581: found /usr/bin/ar
configure:2590: result: ar
configure:2602: checking whether make sets ${MAKE}
configure:2622: result: yes
configure:2631: checking for makeflags variable
configure:2665: result: 
configure:2668: checking if filesystem supports mixed-case filenames
configure:2695: result: yes
configure:2706: checking for exctags
configure:2732: result: no
configure:2706: checking for ctags
configure:2721: found /usr/bin/ctags
configure:2729: result: ctags
configure:2743: checking for exetags
configure:2769: result: no
configure:2743: checking for etags
configure:2758: found /usr/bin/etags
configure:2766: result: etags
configure:2778: checking for ctags
configure:2793: found /usr/bin/ctags
configure:2802: result: yes
configure:2812: checking for etags
configure:2827: found /usr/bin/etags
configure:2836: result: yes
configure:2897: checking if we must define _GNU_SOURCE
configure:2919: gcc -c -g -O2  conftest.c >&5
configure: In function 'main':
configure:2911:1: error: unknown type name 'make'
configure:2911:9: error: expected '=', ',', ';', 'asm' or '__attribute__' before 'error'
configure:2922: $? = 1
configure: failed program was:
#line 2904 "configure"
#include "confdefs.h"
#include <sys/types.h>
int
main ()
{

#ifndef _XOPEN_SOURCE
make an error
#endif
  ;
  return 0;
}
configure:2952: gcc -c -g -O2  -D_GNU_SOURCE conftest.c >&5
configure: In function 'main':
configure:2944:1: error: unknown type name 'make'
configure:2944:9: error: expected '=', ',', ';', 'asm' or '__attribute__' before 'error'
configure:2955: $? = 1
configure: failed program was:
#line 2937 "configure"
#include "confdefs.h"
#include <sys/types.h>
int
main ()
{

#ifdef _XOPEN_SOURCE
make an error
#endif
  ;
  return 0;
}
configure:2976: result: yes
configure:3770: checking if _XOPEN_SOURCE really is set
configure:3788: gcc -c -g -O2  -D_GNU_SOURCE conftest.c >&5
configure:3791: $? = 0
configure:3794: test -s conftest.o
configure:3797: $? = 0
configure:3806: result: yes
configure:3826: gcc -c -g -O2  -D_GNU_SOURCE conftest.c >&5
configure:3829: $? = 0
configure:3832: test -s conftest.o
configure:3835: $? = 0
configure:4036: checking if you want to see long compiling messages
configure:4070: result: yes
configure:4113: checking for specific curses-directory
configure:4123: result: no
configure:4274: checking if you want to check for gcc warnings
configure:4284: result: no
configure:4638: checking if you want to use pkg-config
configure:4648: result: yes
configure:4700: checking for pkg-config
configure:4717: found /usr/bin/pkg-config
configure:4729: result: /usr/bin/pkg-config
configure:4786: checking if rpath option should be used
configure:4796: result: no
configure:4800: checking for an rpath option
configure:4831: result: -Wl,-rpath,
configure:4894: checking if rpath-hack should be disabled
configure:4911: result: no
configure:4915: checking for updated LDFLAGS
configure:4918: result: maybe
configure:4925: checking for ldd
configure:4940: found /usr/bin/ldd
configure:4948: result: ldd
configure:4977: gcc -o conftest -g -O2  -D_GNU_SOURCE  conftest.c  >&5
configure:4980: $? = 0
configure:4983: test -s conftest
configure:4986: $? = 0
configure:5026: testing ...checking EXTRA_LDFLAGS  ...
configure:5030: testing ...checking LDFLAGS  ...
configure:5080: testing ...checked LDFLAGS  ...
configure:5084: testing ...checking LIBS  ...
configure:5134: testing ...checked LIBS  ...
configure:5138: testing ...checked EXTRA_LDFLAGS  ...
configure:5246: checking if libtool -version-number should be used
configure:5263: result: yes
configure:5312: checking if you want to build libraries with libtool
configure:5322: result: no
configure:5670: checking if you want to build shared libraries
configure:5680: result: no
configure:6421: checking if you want to use dmalloc for testing
configure:6438: result: no
configure:6633: checking if you want to use dbmalloc for testing
configure:6650: result: no
configure:6845: checking if you want to use valgrind for testing
configure:6862: result: no
configure:6955: checking if you want to perform memory-leak testing
configure:6965: result: no
configure:6983: checking for dirent.h that defines DIR
configure:7004: gcc -c -g -O2  -D_GNU_SOURCE conftest.c >&5
configure:7007: $? = 0
configure:7010: test -s conftest.o
configure:7013: $? = 0
configure:7023: result: yes
configure:7036: checking for opendir in -ldir
configure:7063: gcc -o conftest -g -O2  -D_GNU_SOURCE  conftest.c -ldir   >&5
/usr/bin/ld: cannot find -ldir
collect2: error: ld returned 1 exit status
configure:7066: $? = 1
configure: failed program was:
#line 7044 "configure"
#include "confdefs.h"

/* Override any gcc2 internal prototype to avoid an error.  */
#ifdef __cplusplus
extern "C"
#endif
/* We use char because int might match the return type of a gcc2
   builtin and then its argument prototype would still apply.  */
char opendir ();
int
main ()
{
opendir ();
  ;
  return 0;
}
configure:7083: result: no
configure:7145: checking for ANSI C header files
configure:7159: gcc -E  -D_GNU_SOURCE conftest.c
configure:7165: $? = 0
configure:7252: gcc -o conftest -g -O2  -D_GNU_SOURCE  conftest.c  >&5
configure:7255: $? = 0
configure:7257: ./conftest
configure:7260: $? = 0
configure:7273: result: yes
configure:7291: checking for limits.h
configure:7301: gcc -E  -D_GNU_SOURCE conftest.c
configure:7307: $? = 0
configure:7326: result: yes
configure:7291: checking for unistd.h
configure:7301: gcc -E  -D_GNU_SOURCE conftest.c
configure:7307: $? = 0
configure:7326: result: yes
configure:7291: checking for pwd.h
configure:7301: gcc -E  -D_GNU_SOURCE conftest.c
configure:7307: $? = 0
configure:7326: result: yes
configure:7291: checking for grp.h
configure:7301: gcc -E  -D_GNU_SOURCE conftest.c
configure:7307: $? = 0
configure:7326: result: yes
configure:7342: checking for sys/types.h
configure:7354: gcc -c -g -O2  -D_GNU_SOURCE conftest.c >&5
configure:7357: $? = 0
configure:7360: test -s conftest.o
configure:7363: $? = 0
configure:7373: result: yes
configure:7342: checking for sys/stat.h
configure:7354: gcc -c -g -O2  -D_GNU_SOURCE conftest.c >&5
configure:7357: $? = 0
configure:7360: test -s conftest.o
configure:7363: $? = 0
configure:7373: result: yes
configure:7342: checking for stdlib.h
configure:7354: gcc -c -g -O2  -D_GNU_SOURCE conftest.c >&5
configure:7357: $? = 0
configure:7360: test -s conftest.o
configure:7363: $? = 0
configure:7373: result: yes
configure:7342: checking for string.h
configure:7354: gcc -c -g -O2  -D_GNU_SOURCE conftest.c >&5
configure:7357: $? = 0
configure:7360: test -s conftest.o
configure:7363: $? = 0
configure:7373: result: yes
configure:7342: checking for memory.h
configure:7354: gcc -c -g -O2  -D_GNU_SOURCE conftest.c >&5
configure:7357: $? = 0
configure:7360: test -s conftest.o
configure:7363: $? = 0
configure:7373: result: yes
configure:7342: checking for strings.h
configure:7354: gcc -c -g -O2  -D_GNU_SOURCE conftest.c >&5
configure:7357: $? = 0
configure:7360: test -s conftest.o
configure:7363: $? = 0
configure:7373: result: yes
configure:7342: checking for inttypes.h
configure:7354: gcc -c -g -O2  -D_GNU_SOURCE conftest.c >&5
configure:7357: $? = 0
configure:7360: test -s conftest.o
configure:7363: $? = 0
configure:7373: result: yes
configure:7342: checking for stdint.h
configure:7354: gcc -c -g -O2  -D_GNU_SOURCE conftest.c >&5
configure:7357: $? = 0
configure:7360: test -s conftest.o
configure:7363: $? = 0
configure:7373: result: yes
configure:7342: checking for unistd.h
configure:7373: result: yes
configure:7383: checking for mode_t
configure:7404: gcc -c -g -O2  -D_GNU_SOURCE conftest.c >&5
configure:7407: $? = 0
configure:7410: test -s conftest.o
configure:7413: $? = 0
configure:7423: result: yes
configure:7435: checking whether struct tm is in sys/time.h or time.h
configure:7455: gcc -c -g -O2  -D_GNU_SOURCE conftest.c >&5
configure:7458: $? = 0
configure:7461: test -s conftest.o
configure:7464: $? = 0
configure:7474: result: time.h
configure:7484: checking for extra include directories
configure:7510: result: no
configure:7514: checking if we have identified curses headers
configure:7538: gcc -c -g -O2  -D_GNU_SOURCE conftest.c >&5
configure:7541: $? = 0
configure:7544: test -s conftest.o
configure:7547: $? = 0
configure:7558: result: ncurses.h
configure:7572: checking for ncurses.h
configure:7582: gcc -E  -D_GNU_SOURCE conftest.c
configure:7588: $? = 0
configure:7607: result: yes
configure:7617: checking for terminfo header
configure:7650: gcc -c -g -O2  -D_GNU_SOURCE conftest.c >&5
configure:7653: $? = 0
configure:7656: test -s conftest.o
configure:7659: $? = 0
configure:7675: result: term.h
configure:7707: checking for chtype typedef
configure:7726: gcc -c -g -O2  -D_GNU_SOURCE conftest.c >&5
configure:7729: $? = 0
configure:7732: test -s conftest.o
configure:7735: $? = 0
configure:7745: result: yes
configure:7753: checking if chtype is scalar or struct
configure:7772: gcc -c -g -O2  -D_GNU_SOURCE conftest.c >&5
configure:7775: $? = 0
configure:7778: test -s conftest.o
configure:7781: $? = 0
configure:7791: result: scalar
configure:7805: checking for unistd.h
configure:7840: result: yes
configure:7805: checking for getopt.h
configure:7815: gcc -E  -D_GNU_SOURCE conftest.c
configure:7821: $? = 0
configure:7840: result: yes
configure:7850: checking for header declaring getopt variables
configure:7873: gcc -c -g -O2  -D_GNU_SOURCE conftest.c >&5
configure: In function 'main':
configure:7866:9: error: 'optind' undeclared (first use in this function)
configure:7866:9: note: each undeclared identifier is reported only once for each function it appears in
configure:7866:27: error: 'optarg' undeclared (first use in this function)
configure:7876: $? = 1
configure: failed program was:
#line 7860 "configure"
#include "confdefs.h"

#include <stdio.h>
int
main ()
{
int x = optind; char *y = optarg
  ;
  return 0;
}
configure:7873: gcc -c -g -O2  -D_GNU_SOURCE conftest.c >&5
configure: In function 'main':
configure:7866:9: error: 'optind' undeclared (first use in this function)
configure:7866:9: note: each undeclared identifier is reported only once for each function it appears in
configure:7866:27: error: 'optarg' undeclared (first use in this function)
configure:7876: $? = 1
configure: failed program was:
#line 7860 "configure"
#include "confdefs.h"

#include <stdlib.h>
int
main ()
{
int x = optind; char *y = optarg
  ;
  return 0;
}
configure:7873: gcc -c -g -O2  -D_GNU_SOURCE conftest.c >&5
configure:7876: $? = 0
configure:7879: test -s conftest.o
configure:7882: $? = 0
configure:7894: result: unistd.h
configure:7921: checking for getcwd
configure:7958: gcc -o conftest -g -O2  -D_GNU_SOURCE  conftest.c  >&5
configure:7961: $? = 0
configure:7964: test -s conftest
configure:7967: $? = 0
configure:7977: result: yes
configure:7921: checking for mktime
configure:7958: gcc -o conftest -g -O2  -D_GNU_SOURCE  conftest.c  >&5
configure:7961: $? = 0
configure:7964: test -s conftest
configure:7967: $? = 0
configure:7977: result: yes
configure:7921: checking for strdup
configure:7958: gcc -o conftest -g -O2  -D_GNU_SOURCE  conftest.c  >&5
configure:7937:6: warning: conflicting types for built-in function 'strdup' [enabled by default]
configure:7961: $? = 0
configure:7964: test -s conftest
configure:7967: $? = 0
configure:7977: result: yes
configure:7921: checking for strerror
configure:7958: gcc -o conftest -g -O2  -D_GNU_SOURCE  conftest.c  >&5
configure:7961: $? = 0
configure:7964: test -s conftest
configure:7967: $? = 0
configure:7977: result: yes
configure:7921: checking for getlogin
configure:7958: gcc -o conftest -g -O2  -D_GNU_SOURCE  conftest.c  >&5
configure:7961: $? = 0
configure:7964: test -s conftest
configure:7967: $? = 0
configure:7977: result: yes
configure:7921: checking for sleep
configure:7958: gcc -o conftest -g -O2  -D_GNU_SOURCE  conftest.c  >&5
configure:7961: $? = 0
configure:7964: test -s conftest
configure:7967: $? = 0
configure:7977: result: yes
configure:7987: checking for lstat
configure:8008: gcc -o conftest -g -O2  -D_GNU_SOURCE  conftest.c  >&5
configure:8011: $? = 0
configure:8014: test -s conftest
configure:8017: $? = 0
configure:8029: result: yes 
configure:8039: checking for setlocale()
configure:8058: gcc -o conftest -g -O2  -D_GNU_SOURCE  conftest.c  >&5
configure:8061: $? = 0
configure:8064: test -s conftest
configure:8067: $? = 0
configure:8079: result: yes
configure:8087: checking for specific curses-directory
configure:8097: result: no
configure:8248: checking for specified curses library type
configure:8292: result: curses
configure:8298: checking for extra include directories
configure:8324: result: no
configure:8328: checking if we have identified curses headers
configure:8372: result: ncurses.h
configure:8386: checking for ncurses.h
configure:8421: result: yes
configure:8431: checking for terminfo header
configure:8489: result: term.h
configure:8521: checking for ncurses version
configure:8585: gcc -o conftest -g -O2  -D_GNU_SOURCE  conftest.c  >&5
configure:8588: $? = 0
configure:8590: ./conftest
configure:8593: $? = 0
configure:8607: result: 5.9.20110404
configure:8614: checking if we have identified curses libraries
configure:8629: gcc -o conftest -g -O2  -D_GNU_SOURCE  conftest.c  >&5
/tmp/ccA5N3aC.o: In function `main':
/home/pslavkin/Downloads/cdk-5.0-20150928/configure:8622: undefined reference to `initscr'
/home/pslavkin/Downloads/cdk-5.0-20150928/configure:8622: undefined reference to `tgoto'
collect2: error: ld returned 1 exit status
configure:8632: $? = 1
configure: failed program was:
#line 8617 "configure"
#include "confdefs.h"
#include <ncurses.h>
int
main ()
{
initscr(); tgoto("?", 0,0)
  ;
  return 0;
}
configure:8647: result: no
configure:8964: testing adding /lib to library-path ...
configure:9043: checking for tgoto
configure:9080: gcc -o conftest -g -O2  -D_GNU_SOURCE -L/lib  conftest.c  >&5
/tmp/ccfkMeBE.o: In function `main':
/home/pslavkin/Downloads/cdk-5.0-20150928/configure:9071: undefined reference to `tgoto'
collect2: error: ld returned 1 exit status
configure:9083: $? = 1
configure: failed program was:
#line 9049 "configure"
#include "confdefs.h"
/* System header to define __stub macros and hopefully few prototypes,
    which can conflict with char tgoto (); below.  */
#include <assert.h>
/* Override any gcc2 internal prototype to avoid an error.  */
#ifdef __cplusplus
extern "C"
#endif
/* We use char because int might match the return type of a gcc2
   builtin and then its argument prototype would still apply.  */
char tgoto ();
char (*f) ();

int
main ()
{
/* The GNU C library defines this for functions which it implements
    to always fail with ENOSYS.  Some functions are actually named
    something starting with __ and the normal name is an alias.  */
#if defined (__stub_tgoto) || defined (__stub___tgoto)
choke me
#else
f = tgoto; /* workaround for ICC 12.0.3 */ if (f == 0) return 1;
#endif

  ;
  return 0;
}
configure:9099: result: no
configure:9108: checking for tgoto in -lncurses
configure:9135: gcc -o conftest -g -O2  -D_GNU_SOURCE -L/lib  conftest.c -lncurses   >&5
configure:9138: $? = 0
configure:9141: test -s conftest
configure:9144: $? = 0
configure:9155: result: yes
configure:9174: checking for initscr in -lncurses
configure:9201: gcc -o conftest -g -O2  -D_GNU_SOURCE -L/lib  conftest.c -lncurses  -lncurses  >&5
configure:9204: $? = 0
configure:9207: test -s conftest
configure:9210: $? = 0
configure:9221: result: yes
configure:16826: checking for XXX-config rootname
configure:16834: result: cdk
configure:16837: checking if cdk.h should be in header subdirectory
configure:16845: result: 
configure:16855: checking for header subdirectory
configure:16863: result: cdk
configure:16866: checking for library name
configure:16874: result: cdk
configure:16877: checking if improved const-typing should be used
configure:16887: result: no
configure:16913: checking if we must define _XOPEN_SOURCE_EXTENDED
configure:16942: gcc -o conftest -g -O2  -D_GNU_SOURCE -L/lib  conftest.c -lncurses  >&5
configure:16945: $? = 0
configure:16948: test -s conftest
configure:16951: $? = 0
configure:17001: result: no
configure:17005: checking for term.h
configure:17110: result: term.h
configure:17137: checking for unctrl.h
configure:17172: gcc -c -g -O2  -D_GNU_SOURCE conftest.c >&5
configure:17175: $? = 0
configure:17178: test -s conftest.o
configure:17181: $? = 0
configure:17194: result: unctrl.h
configure:17241: checking for Xinitscr
configure:17244: testing Xinitscr ...
configure:17286: gcc -o conftest -g -O2  -D_GNU_SOURCE -L/lib  conftest.c -lncurses  >&5
configure: In function 'main':
configure:17274:20: error: 'Xinitscr' undeclared (first use in this function)
configure:17274:20: note: each undeclared identifier is reported only once for each function it appears in
configure:17289: $? = 1
configure: failed program was:
#line 17253 "configure"
#include "confdefs.h"

#ifdef HAVE_XCURSES
#include <xcurses.h>
char * XCursesProgramName = "test";
#else
#include <ncurses.h>
#if defined(NCURSES_VERSION) && defined(HAVE_NCURSESW_TERM_H)
#include <ncursesw/term.h>
#elif defined(NCURSES_VERSION) && defined(HAVE_NCURSES_TERM_H)
#include <ncurses/term.h>
#elif defined(HAVE_TERM_H)
#include <term.h>
#endif
#endif

int
main ()
{

#ifndef Xinitscr
long foo = (long)(&Xinitscr);
fprintf(stderr, "testing linkage of Xinitscr:%p\n", foo);
if (foo + 1234 > 5678)
	return(foo);
#endif

  ;
  return 0;
}
configure:17311: result: no
configure:17241: checking for getbegx
configure:17244: testing getbegx ...
configure:17286: gcc -o conftest -g -O2  -D_GNU_SOURCE -L/lib  conftest.c -lncurses  >&5
configure:17289: $? = 0
configure:17292: test -s conftest
configure:17295: $? = 0
configure:17311: result: yes
configure:17241: checking for getbegy
configure:17244: testing getbegy ...
configure:17286: gcc -o conftest -g -O2  -D_GNU_SOURCE -L/lib  conftest.c -lncurses  >&5
configure:17289: $? = 0
configure:17292: test -s conftest
configure:17295: $? = 0
configure:17311: result: yes
configure:17241: checking for getmaxx
configure:17244: testing getmaxx ...
configure:17286: gcc -o conftest -g -O2  -D_GNU_SOURCE -L/lib  conftest.c -lncurses  >&5
configure:17289: $? = 0
configure:17292: test -s conftest
configure:17295: $? = 0
configure:17311: result: yes
configure:17241: checking for getmaxy
configure:17244: testing getmaxy ...
configure:17286: gcc -o conftest -g -O2  -D_GNU_SOURCE -L/lib  conftest.c -lncurses  >&5
configure:17289: $? = 0
configure:17292: test -s conftest
configure:17295: $? = 0
configure:17311: result: yes
configure:17241: checking for start_color
configure:17244: testing start_color ...
configure:17286: gcc -o conftest -g -O2  -D_GNU_SOURCE -L/lib  conftest.c -lncurses  >&5
configure:17289: $? = 0
configure:17292: test -s conftest
configure:17295: $? = 0
configure:17311: result: yes
configure:17436: checking how to define setbegyx
configure:17461: gcc -c -g -O2  -D_GNU_SOURCE conftest.c >&5
configure:17464: $? = 0
configure:17467: test -s conftest.o
configure:17470: $? = 0
configure:17479: result: "((win)->_begy = (y), (win)->_begx = (x), OK)"
configure:17594: creating ./config.status

## ----------------------- ##
## Running config.status.  ##
## ----------------------- ##

This file was extended by config.status 2.52.20150926, executed with
  CONFIG_FILES    = 
  CONFIG_HEADERS  = 
  CONFIG_LINKS    = 
  CONFIG_COMMANDS = 
  > ./config.status 
on PROT7183

config.status:18173: creating cdk-config
config.status:18173: creating include/cdk_version.h
config.status:18173: creating Makefile
config.status:18173: creating cli/Makefile
config.status:18173: creating examples/Makefile
config.status:18173: creating demos/Makefile
config.status:18326: creating include/cdk_config.h

## ----------------- ##
## Cache variables.  ##
## ----------------- ##

ac_cv_build='i686-pc-linux-gnu'
ac_cv_build_alias='i686-pc-linux-gnu'
ac_cv_c_compiler_gnu='yes'
ac_cv_env_CC_set=''
ac_cv_env_CC_value=''
ac_cv_env_CFLAGS_set=''
ac_cv_env_CFLAGS_value=''
ac_cv_env_CPPFLAGS_set=''
ac_cv_env_CPPFLAGS_value=''
ac_cv_env_CPP_set=''
ac_cv_env_CPP_value=''
ac_cv_env_LDFLAGS_set=''
ac_cv_env_LDFLAGS_value=''
ac_cv_env_build_alias_set=''
ac_cv_env_build_alias_value=''
ac_cv_env_host_alias_set=''
ac_cv_env_host_alias_value=''
ac_cv_env_target_alias_set=''
ac_cv_env_target_alias_value=''
ac_cv_func_getcwd='yes'
ac_cv_func_getlogin='yes'
ac_cv_func_lstat='yes'
ac_cv_func_mktime='yes'
ac_cv_func_sleep='yes'
ac_cv_func_strdup='yes'
ac_cv_func_strerror='yes'
ac_cv_func_tgoto='no'
ac_cv_header_dirent_dirent_h='yes'
ac_cv_header_getopt_h='yes'
ac_cv_header_grp_h='yes'
ac_cv_header_inttypes_h='yes'
ac_cv_header_limits_h='yes'
ac_cv_header_memory_h='yes'
ac_cv_header_ncurses_h='yes'
ac_cv_header_pwd_h='yes'
ac_cv_header_stdc='yes'
ac_cv_header_stdint_h='yes'
ac_cv_header_stdlib_h='yes'
ac_cv_header_string_h='yes'
ac_cv_header_strings_h='yes'
ac_cv_header_sys_stat_h='yes'
ac_cv_header_sys_types_h='yes'
ac_cv_header_unistd_h='yes'
ac_cv_host='i686-pc-linux-gnu'
ac_cv_host_alias='i686-pc-linux-gnu'
ac_cv_lib_dir_opendir='no'
ac_cv_lib_ncurses___initscr='yes'
ac_cv_lib_ncurses___tgoto='yes'
ac_cv_objext='o'
ac_cv_path_ac_pt_PKG_CONFIG='/usr/bin/pkg-config'
ac_cv_path_install='/usr/bin/install -c'
ac_cv_prog_CPP='gcc -E'
ac_cv_prog_CTAGS='ctags'
ac_cv_prog_ETAGS='etags'
ac_cv_prog_MAKE_LOWER_TAGS='yes'
ac_cv_prog_MAKE_UPPER_TAGS='yes'
ac_cv_prog_ac_ct_AR='ar'
ac_cv_prog_ac_ct_CC='gcc'
ac_cv_prog_ac_ct_RANLIB='ranlib'
ac_cv_prog_cc_g='yes'
ac_cv_prog_cc_stdc=''
ac_cv_prog_cf_ldd_prog='ldd'
ac_cv_prog_make_make_set='yes'
ac_cv_struct_tm='time.h'
ac_cv_type_mode_t='yes'
cf_cv_abi_version='0'
cf_cv_chtype_decl='yes'
cf_cv_chtype_type='scalar'
cf_cv_curses_dir='no'
cf_cv_curses_incdir='no'
cf_cv_enable_rpath='no'
cf_cv_func_Xinitscr='no'
cf_cv_func_getbegx='yes'
cf_cv_func_getbegy='yes'
cf_cv_func_getmaxx='yes'
cf_cv_func_getmaxy='yes'
cf_cv_func_start_color='yes'
cf_cv_getopt_header='unistd.h'
cf_cv_gnu_source='yes'
cf_cv_locale='yes'
cf_cv_makeflags=''
cf_cv_mixedcase='yes'
cf_cv_ncurses_header='ncurses.h'
cf_cv_ncurses_version='5.9.20110404'
cf_cv_need_xopen_extension='no'
cf_cv_rel_version='5.0'
cf_cv_screen='curses'
cf_cv_system_name='linux-gnu'
cf_cv_term_header='term.h'
cf_cv_unctrl_header='unctrl.h'

## ------------ ##
## confdefs.h.  ##
## ------------ ##

#define SYSTEM_NAME "linux-gnu"
#define PACKAGE "cdk"
#define CDK_VERSION "5.0"
#define CDK_PATCHDATE 20150928
#define MIXEDCASE_FILENAMES 1
#define HAVE_DIRENT_H 1
#define STDC_HEADERS 1
#define HAVE_LIMITS_H 1
#define HAVE_UNISTD_H 1
#define HAVE_PWD_H 1
#define HAVE_GRP_H 1
#define HAVE_SYS_TYPES_H 1
#define HAVE_SYS_STAT_H 1
#define HAVE_STDLIB_H 1
#define HAVE_STRING_H 1
#define HAVE_MEMORY_H 1
#define HAVE_STRINGS_H 1
#define HAVE_INTTYPES_H 1
#define HAVE_STDINT_H 1
#define HAVE_UNISTD_H 1
#define HAVE_NCURSES_H 1
#define HAVE_TERM_H 1
#define HAVE_TYPE_CHTYPE 1
#define TYPE_CHTYPE_IS_SCALAR 1
#define HAVE_UNISTD_H 1
#define HAVE_GETOPT_H 1
#define HAVE_GETOPT_HEADER 1
#define HAVE_GETCWD 1
#define HAVE_MKTIME 1
#define HAVE_STRDUP 1
#define HAVE_STRERROR 1
#define HAVE_GETLOGIN 1
#define HAVE_SLEEP 1
#define HAVE_LSTAT 1
#define HAVE_SETLOCALE 1
#define HAVE_NCURSES_H 1
#define HAVE_TERM_H 1
#define NCURSES 1
#define CDK_CONST /*nothing*/
#define CDK_CSTRING CDK_CONST char *
#define CDK_CSTRING2 CDK_CONST char * CDK_CONST *
#define HAVE_TERM_H 1
#define HAVE_UNCTRL_H 1
#define HAVE_GETBEGX 1
#define HAVE_GETBEGY 1
#define HAVE_GETMAXX 1
#define HAVE_GETMAXY 1
#define HAVE_START_COLOR 1
#define setbegyx(win,y,x) ((win)->_begy = (y), (win)->_begx = (x), OK)


configure: exit 0
